0 info it worked if it ends with ok
1 verbose cli [ '/usr/local/bin/node',
1 verbose cli   '/usr/local/bin/npm',
1 verbose cli   'install',
1 verbose cli   '-g',
1 verbose cli   'bower' ]
2 info using npm@3.10.10
3 info using node@v6.11.2
4 silly loadCurrentTree Starting
5 silly install loadCurrentTree
6 silly install readGlobalPackageData
7 silly fetchPackageMetaData bower
8 silly fetchNamedPackageData bower
9 silly mapToRegistry name bower
10 silly mapToRegistry using default registry
11 silly mapToRegistry registry https://registry.npmjs.org/
12 silly mapToRegistry data Result {
12 silly mapToRegistry   raw: 'bower',
12 silly mapToRegistry   scope: null,
12 silly mapToRegistry   escapedName: 'bower',
12 silly mapToRegistry   name: 'bower',
12 silly mapToRegistry   rawSpec: '',
12 silly mapToRegistry   spec: 'latest',
12 silly mapToRegistry   type: 'tag' }
13 silly mapToRegistry uri https://registry.npmjs.org/bower
14 verbose request uri https://registry.npmjs.org/bower
15 verbose request no auth needed
16 info attempt registry request try #1 at 8:02:12 PM
17 verbose request id e2a27a70283a2e23
18 verbose etag W/"59f6fd0f-30039"
19 verbose lastModified Mon, 30 Oct 2017 10:21:03 GMT
20 http request GET https://registry.npmjs.org/bower
21 http 200 https://registry.npmjs.org/bower
22 verbose headers { 'content-type': 'application/json; charset=UTF-8',
22 verbose headers   server: 'UploadServer',
22 verbose headers   'cache-control': 'max-age=300',
22 verbose headers   'last-modified': 'Thu, 25 Jan 2018 16:43:09 GMT',
22 verbose headers   etag: '"5a6a091d-3003b"',
22 verbose headers   'content-encoding': 'gzip',
22 verbose headers   'content-length': '17534',
22 verbose headers   'accept-ranges': 'bytes',
22 verbose headers   date: 'Fri, 26 Jan 2018 09:02:12 GMT',
22 verbose headers   via: '1.1 varnish',
22 verbose headers   age: '14244',
22 verbose headers   connection: 'keep-alive',
22 verbose headers   'x-served-by': 'cache-syd18934-SYD',
22 verbose headers   'x-cache': 'HIT',
22 verbose headers   'x-cache-hits': '9',
22 verbose headers   'x-timer': 'S1516957333.851135,VS0,VE0',
22 verbose headers   vary: 'Accept-Encoding, Accept' }
23 silly get cb [ 200,
23 silly get   { 'content-type': 'application/json; charset=UTF-8',
23 silly get     server: 'UploadServer',
23 silly get     'cache-control': 'max-age=300',
23 silly get     'last-modified': 'Thu, 25 Jan 2018 16:43:09 GMT',
23 silly get     etag: '"5a6a091d-3003b"',
23 silly get     'content-encoding': 'gzip',
23 silly get     'content-length': '17534',
23 silly get     'accept-ranges': 'bytes',
23 silly get     date: 'Fri, 26 Jan 2018 09:02:12 GMT',
23 silly get     via: '1.1 varnish',
23 silly get     age: '14244',
23 silly get     connection: 'keep-alive',
23 silly get     'x-served-by': 'cache-syd18934-SYD',
23 silly get     'x-cache': 'HIT',
23 silly get     'x-cache-hits': '9',
23 silly get     'x-timer': 'S1516957333.851135,VS0,VE0',
23 silly get     vary: 'Accept-Encoding, Accept' } ]
24 verbose get saving bower to /Users/xinyuzheng/.npm/registry.npmjs.org/bower/.cache.json
25 verbose correctMkdir /Users/xinyuzheng/.npm correctMkdir not in flight; initializing
26 silly install normalizeTree
27 silly loadCurrentTree Finishing
28 silly loadIdealTree Starting
29 silly install loadIdealTree
30 silly cloneCurrentTree Starting
31 silly install cloneCurrentTreeToIdealTree
32 silly cloneCurrentTree Finishing
33 silly loadShrinkwrap Starting
34 silly install loadShrinkwrap
35 silly loadShrinkwrap Finishing
36 silly loadAllDepsIntoIdealTree Starting
37 silly install loadAllDepsIntoIdealTree
38 silly resolveWithNewModule bower@1.8.2 checking installable status
39 silly cache add args [ 'bower', null ]
40 verbose cache add spec bower
41 silly cache add parsed spec Result {
41 silly cache add   raw: 'bower',
41 silly cache add   scope: null,
41 silly cache add   escapedName: 'bower',
41 silly cache add   name: 'bower',
41 silly cache add   rawSpec: '',
41 silly cache add   spec: 'latest',
41 silly cache add   type: 'tag' }
42 silly addNamed bower@latest
43 verbose addNamed "latest" is being treated as a dist-tag for bower
44 info addNameTag [ 'bower', 'latest' ]
45 silly mapToRegistry name bower
46 silly mapToRegistry using default registry
47 silly mapToRegistry registry https://registry.npmjs.org/
48 silly mapToRegistry data Result {
48 silly mapToRegistry   raw: 'bower',
48 silly mapToRegistry   scope: null,
48 silly mapToRegistry   escapedName: 'bower',
48 silly mapToRegistry   name: 'bower',
48 silly mapToRegistry   rawSpec: '',
48 silly mapToRegistry   spec: 'latest',
48 silly mapToRegistry   type: 'tag' }
49 silly mapToRegistry uri https://registry.npmjs.org/bower
50 verbose addNameTag registry:https://registry.npmjs.org/bower not in flight; fetching
51 verbose get https://registry.npmjs.org/bower not expired, no request
52 silly addNameTag next cb for bower with tag latest
53 silly addNamed bower@1.8.2
54 verbose addNamed "1.8.2" is a plain semver version for bower
55 warn deprecated bower@1.8.2: ...psst! Your project can stop working at any moment because its dependencies can change. Prevent this by migrating to Yarn: https://bower.io/blog/2017/how-to-migrate-away-from-bower/
56 silly cache afterAdd bower@1.8.2
57 verbose afterAdd /Users/xinyuzheng/.npm/bower/1.8.2/package/package.json not in flight; writing
58 verbose correctMkdir /Users/xinyuzheng/.npm correctMkdir not in flight; initializing
59 verbose afterAdd /Users/xinyuzheng/.npm/bower/1.8.2/package/package.json written
60 silly loadAllDepsIntoIdealTree Finishing
61 silly loadIdealTree Finishing
62 silly currentTree lib
62 silly currentTree └── bower@1.8.0
63 silly idealTree lib
63 silly idealTree └── bower@1.8.2
64 silly generateActionsToTake Starting
65 silly install generateActionsToTake
66 warn checkPermissions Missing write access to /usr/local/lib/node_modules/bower
67 silly rollbackFailedOptional Starting
68 silly rollbackFailedOptional Finishing
69 silly runTopLevelLifecycles Finishing
70 silly install printInstalled
71 verbose stack Error: EACCES: permission denied, access '/usr/local/lib/node_modules/bower'
71 verbose stack     at Error (native)
72 verbose cwd /Users/xinyuzheng/Documents/COMP3615_Software_Development_Project/catlogbook/catlogbook_code/doglogbook-doglogbook-app
73 error Darwin 16.7.0
74 error argv "/usr/local/bin/node" "/usr/local/bin/npm" "install" "-g" "bower"
75 error node v6.11.2
76 error npm  v3.10.10
77 error path /usr/local/lib/node_modules/bower
78 error code EACCES
79 error errno -13
80 error syscall access
81 error Error: EACCES: permission denied, access '/usr/local/lib/node_modules/bower'
81 error     at Error (native)
81 error  { Error: EACCES: permission denied, access '/usr/local/lib/node_modules/bower'
81 error     at Error (native)
81 error   errno: -13,
81 error   code: 'EACCES',
81 error   syscall: 'access',
81 error   path: '/usr/local/lib/node_modules/bower' }
82 error Please try running this command again as root/Administrator.
83 verbose exit [ -13, true ]
